2025-08-29 17:26:59.260 [main] INFO  c.j.t.matching.MatchingEngine - Initialized order book for symbol: AAPL
2025-08-29 17:26:59.260 [main] INFO  c.j.t.matching.MatchingEngine - Initialized order book for symbol: MSFT
2025-08-29 17:26:59.298 [main] INFO  c.j.t.matching.MatchingEngine - Initialized order book for symbol: AAPL
2025-08-29 17:26:59.298 [main] INFO  c.j.t.matching.MatchingEngine - Initialized order book for symbol: MSFT
2025-08-29 17:26:59.299 [main] INFO  c.j.t.matching.MatchingEngine - Initialized order book for symbol: AAPL
2025-08-29 17:26:59.299 [main] INFO  c.j.t.matching.MatchingEngine - Initialized order book for symbol: MSFT
2025-08-29 17:26:59.300 [main] INFO  c.j.t.matching.MatchingEngine - Initialized order book for symbol: AAPL
2025-08-29 17:26:59.300 [main] INFO  c.j.t.matching.MatchingEngine - Initialized order book for symbol: MSFT
2025-08-29 17:26:59.301 [main] INFO  c.j.t.matching.MatchingEngine - Initialized order book for symbol: AAPL
2025-08-29 17:26:59.301 [main] INFO  c.j.t.matching.MatchingEngine - Initialized order book for symbol: MSFT
2025-08-29 17:26:59.301 [main] INFO  c.j.t.matching.MatchingEngine - Initialized order book for symbol: AAPL
2025-08-29 17:26:59.301 [main] INFO  c.j.t.matching.MatchingEngine - Initialized order book for symbol: MSFT
2025-08-29 17:26:59.301 [main] INFO  c.j.t.matching.MatchingEngine - Initialized order book for symbol: AAPL
2025-08-29 17:26:59.301 [main] INFO  c.j.t.matching.MatchingEngine - Initialized order book for symbol: MSFT
2025-08-29 17:26:59.301 [main] INFO  c.j.t.matching.MatchingEngine - Initialized order book for symbol: AAPL
2025-08-29 17:26:59.301 [main] INFO  c.j.t.matching.MatchingEngine - Initialized order book for symbol: MSFT
2025-08-29 17:26:59.302 [main] INFO  c.j.t.matching.MatchingEngine - Initialized order book for symbol: AAPL
2025-08-29 17:26:59.302 [main] INFO  c.j.t.matching.MatchingEngine - Initialized order book for symbol: MSFT
2025-08-29 17:26:59.302 [main] INFO  c.j.t.matching.MatchingEngine - Initialized order book for symbol: AAPL
2025-08-29 17:26:59.303 [main] INFO  c.j.t.matching.MatchingEngine - Initialized order book for symbol: MSFT
2025-08-29 17:32:25.686 [main] INFO  c.j.t.matching.MatchingEngine - Initialized order book for symbol: AAPL
2025-08-29 17:32:25.687 [main] INFO  c.j.t.matching.MatchingEngine - Initialized order book for symbol: MSFT
2025-08-29 17:32:25.725 [main] INFO  c.j.t.matching.MatchingEngine - Initialized order book for symbol: AAPL
2025-08-29 17:32:25.725 [main] INFO  c.j.t.matching.MatchingEngine - Initialized order book for symbol: MSFT
2025-08-29 17:32:25.728 [main] INFO  c.j.t.matching.MatchingEngine - Initialized order book for symbol: AAPL
2025-08-29 17:32:25.728 [main] INFO  c.j.t.matching.MatchingEngine - Initialized order book for symbol: MSFT
2025-08-29 17:32:25.728 [main] INFO  c.j.t.matching.MatchingEngine - Initialized order book for symbol: AAPL
2025-08-29 17:32:25.728 [main] INFO  c.j.t.matching.MatchingEngine - Initialized order book for symbol: MSFT
2025-08-29 17:32:25.730 [main] INFO  c.j.t.matching.MatchingEngine - Initialized order book for symbol: AAPL
2025-08-29 17:32:25.730 [main] INFO  c.j.t.matching.MatchingEngine - Initialized order book for symbol: MSFT
2025-08-29 17:32:25.730 [main] INFO  c.j.t.matching.MatchingEngine - Initialized order book for symbol: AAPL
2025-08-29 17:32:25.730 [main] INFO  c.j.t.matching.MatchingEngine - Initialized order book for symbol: MSFT
2025-08-29 17:32:25.730 [main] INFO  c.j.t.matching.MatchingEngine - Initialized order book for symbol: AAPL
2025-08-29 17:32:25.730 [main] INFO  c.j.t.matching.MatchingEngine - Initialized order book for symbol: MSFT
2025-08-29 17:32:25.730 [main] INFO  c.j.t.matching.MatchingEngine - Initialized order book for symbol: AAPL
2025-08-29 17:32:25.730 [main] INFO  c.j.t.matching.MatchingEngine - Initialized order book for symbol: MSFT
2025-08-29 17:32:25.731 [main] INFO  c.j.t.matching.MatchingEngine - Initialized order book for symbol: AAPL
2025-08-29 17:32:25.731 [main] INFO  c.j.t.matching.MatchingEngine - Initialized order book for symbol: MSFT
2025-08-29 17:32:25.731 [main] INFO  c.j.t.matching.MatchingEngine - Initialized order book for symbol: AAPL
2025-08-29 17:32:25.732 [main] INFO  c.j.t.matching.MatchingEngine - Initialized order book for symbol: MSFT
2025-08-29 17:34:30.246 [main] INFO  c.j.t.matching.MatchingEngine - Initialized order book for symbol: AAPL
2025-08-29 17:34:30.246 [main] INFO  c.j.t.matching.MatchingEngine - Initialized order book for symbol: MSFT
2025-08-29 17:34:30.293 [main] INFO  c.j.t.matching.MatchingEngine - Initialized order book for symbol: AAPL
2025-08-29 17:34:30.293 [main] INFO  c.j.t.matching.MatchingEngine - Initialized order book for symbol: MSFT
2025-08-29 17:34:30.296 [main] INFO  c.j.t.matching.MatchingEngine - Initialized order book for symbol: AAPL
2025-08-29 17:34:30.296 [main] INFO  c.j.t.matching.MatchingEngine - Initialized order book for symbol: MSFT
2025-08-29 17:34:30.296 [main] INFO  c.j.t.matching.MatchingEngine - Initialized order book for symbol: AAPL
2025-08-29 17:34:30.296 [main] INFO  c.j.t.matching.MatchingEngine - Initialized order book for symbol: MSFT
2025-08-29 17:34:30.297 [main] INFO  c.j.t.matching.MatchingEngine - Initialized order book for symbol: AAPL
2025-08-29 17:34:30.297 [main] INFO  c.j.t.matching.MatchingEngine - Initialized order book for symbol: MSFT
2025-08-29 17:34:30.297 [main] INFO  c.j.t.matching.MatchingEngine - Initialized order book for symbol: AAPL
2025-08-29 17:34:30.297 [main] INFO  c.j.t.matching.MatchingEngine - Initialized order book for symbol: MSFT
2025-08-29 17:34:30.298 [main] INFO  c.j.t.matching.MatchingEngine - Initialized order book for symbol: AAPL
2025-08-29 17:34:30.298 [main] INFO  c.j.t.matching.MatchingEngine - Initialized order book for symbol: MSFT
2025-08-29 17:34:30.298 [main] INFO  c.j.t.matching.MatchingEngine - Initialized order book for symbol: AAPL
2025-08-29 17:34:30.298 [main] INFO  c.j.t.matching.MatchingEngine - Initialized order book for symbol: MSFT
2025-08-29 17:34:30.299 [main] INFO  c.j.t.matching.MatchingEngine - Initialized order book for symbol: AAPL
2025-08-29 17:34:30.299 [main] INFO  c.j.t.matching.MatchingEngine - Initialized order book for symbol: MSFT
2025-08-29 17:34:30.299 [main] INFO  c.j.t.matching.MatchingEngine - Initialized order book for symbol: AAPL
2025-08-29 17:34:30.299 [main] INFO  c.j.t.matching.MatchingEngine - Initialized order book for symbol: MSFT
2025-08-29 17:35:22.657 [main] INFO  c.j.t.matching.MatchingEngine - Initialized order book for symbol: AAPL
2025-08-29 17:35:22.658 [main] INFO  c.j.t.matching.MatchingEngine - Initialized order book for symbol: MSFT
2025-08-29 17:35:22.707 [main] INFO  c.j.t.matching.MatchingEngine - Initialized order book for symbol: AAPL
2025-08-29 17:35:22.707 [main] INFO  c.j.t.matching.MatchingEngine - Initialized order book for symbol: MSFT
2025-08-29 17:35:22.710 [main] INFO  c.j.t.matching.MatchingEngine - Initialized order book for symbol: AAPL
2025-08-29 17:35:22.710 [main] INFO  c.j.t.matching.MatchingEngine - Initialized order book for symbol: MSFT
2025-08-29 17:35:22.710 [main] INFO  c.j.t.matching.MatchingEngine - Initialized order book for symbol: AAPL
2025-08-29 17:35:22.710 [main] INFO  c.j.t.matching.MatchingEngine - Initialized order book for symbol: MSFT
2025-08-29 17:35:22.712 [main] INFO  c.j.t.matching.MatchingEngine - Initialized order book for symbol: AAPL
2025-08-29 17:35:22.712 [main] INFO  c.j.t.matching.MatchingEngine - Initialized order book for symbol: MSFT
2025-08-29 17:35:22.712 [main] INFO  c.j.t.matching.MatchingEngine - Initialized order book for symbol: AAPL
2025-08-29 17:35:22.712 [main] INFO  c.j.t.matching.MatchingEngine - Initialized order book for symbol: MSFT
2025-08-29 17:35:22.712 [main] INFO  c.j.t.matching.MatchingEngine - Initialized order book for symbol: AAPL
2025-08-29 17:35:22.712 [main] INFO  c.j.t.matching.MatchingEngine - Initialized order book for symbol: MSFT
2025-08-29 17:35:22.712 [main] INFO  c.j.t.matching.MatchingEngine - Initialized order book for symbol: AAPL
2025-08-29 17:35:22.712 [main] INFO  c.j.t.matching.MatchingEngine - Initialized order book for symbol: MSFT
2025-08-29 17:35:22.713 [main] INFO  c.j.t.matching.MatchingEngine - Initialized order book for symbol: AAPL
2025-08-29 17:35:22.713 [main] INFO  c.j.t.matching.MatchingEngine - Initialized order book for symbol: MSFT
2025-08-29 17:35:22.713 [main] INFO  c.j.t.matching.MatchingEngine - Initialized order book for symbol: AAPL
2025-08-29 17:35:22.713 [main] INFO  c.j.t.matching.MatchingEngine - Initialized order book for symbol: MSFT
2025-08-29 17:36:00.680 [main] INFO  c.j.t.matching.MatchingEngine - Initialized order book for symbol: AAPL
2025-08-29 17:36:00.681 [main] INFO  c.j.t.matching.MatchingEngine - Initialized order book for symbol: MSFT
2025-08-29 17:36:00.727 [main] INFO  c.j.t.matching.MatchingEngine - Initialized order book for symbol: AAPL
2025-08-29 17:36:00.727 [main] INFO  c.j.t.matching.MatchingEngine - Initialized order book for symbol: MSFT
2025-08-29 17:36:00.728 [main] INFO  c.j.t.matching.MatchingEngine - Initialized order book for symbol: AAPL
2025-08-29 17:36:00.728 [main] INFO  c.j.t.matching.MatchingEngine - Initialized order book for symbol: MSFT
2025-08-29 17:36:00.729 [main] INFO  c.j.t.matching.MatchingEngine - Initialized order book for symbol: AAPL
2025-08-29 17:36:00.729 [main] INFO  c.j.t.matching.MatchingEngine - Initialized order book for symbol: MSFT
2025-08-29 17:36:00.730 [main] INFO  c.j.t.matching.MatchingEngine - Initialized order book for symbol: AAPL
2025-08-29 17:36:00.730 [main] INFO  c.j.t.matching.MatchingEngine - Initialized order book for symbol: MSFT
2025-08-29 17:36:00.730 [main] INFO  c.j.t.matching.MatchingEngine - Initialized order book for symbol: AAPL
2025-08-29 17:36:00.730 [main] INFO  c.j.t.matching.MatchingEngine - Initialized order book for symbol: MSFT
2025-08-29 17:36:00.731 [main] INFO  c.j.t.matching.MatchingEngine - Initialized order book for symbol: AAPL
2025-08-29 17:36:00.731 [main] INFO  c.j.t.matching.MatchingEngine - Initialized order book for symbol: MSFT
2025-08-29 17:36:00.731 [main] INFO  c.j.t.matching.MatchingEngine - Initialized order book for symbol: AAPL
2025-08-29 17:36:00.731 [main] INFO  c.j.t.matching.MatchingEngine - Initialized order book for symbol: MSFT
2025-08-29 17:36:00.732 [main] INFO  c.j.t.matching.MatchingEngine - Initialized order book for symbol: AAPL
2025-08-29 17:36:00.732 [main] INFO  c.j.t.matching.MatchingEngine - Initialized order book for symbol: MSFT
2025-08-29 17:36:00.732 [main] INFO  c.j.t.matching.MatchingEngine - Initialized order book for symbol: AAPL
2025-08-29 17:36:00.732 [main] INFO  c.j.t.matching.MatchingEngine - Initialized order book for symbol: MSFT
2025-08-29 17:36:11.298 [main] INFO  c.j.t.matching.MatchingEngine - Initialized order book for symbol: AAPL
2025-08-29 17:36:11.299 [main] INFO  c.j.t.matching.MatchingEngine - Initialized order book for symbol: MSFT
2025-08-29 17:36:11.346 [main] INFO  c.j.t.matching.MatchingEngine - Initialized order book for symbol: AAPL
2025-08-29 17:36:11.346 [main] INFO  c.j.t.matching.MatchingEngine - Initialized order book for symbol: MSFT
2025-08-29 17:36:11.348 [main] INFO  c.j.t.matching.MatchingEngine - Initialized order book for symbol: AAPL
2025-08-29 17:36:11.348 [main] INFO  c.j.t.matching.MatchingEngine - Initialized order book for symbol: MSFT
2025-08-29 17:36:11.348 [main] INFO  c.j.t.matching.MatchingEngine - Initialized order book for symbol: AAPL
2025-08-29 17:36:11.348 [main] INFO  c.j.t.matching.MatchingEngine - Initialized order book for symbol: MSFT
2025-08-29 17:36:11.349 [main] INFO  c.j.t.matching.MatchingEngine - Initialized order book for symbol: AAPL
2025-08-29 17:36:11.349 [main] INFO  c.j.t.matching.MatchingEngine - Initialized order book for symbol: MSFT
2025-08-29 17:36:11.349 [main] INFO  c.j.t.matching.MatchingEngine - Initialized order book for symbol: AAPL
2025-08-29 17:36:11.349 [main] INFO  c.j.t.matching.MatchingEngine - Initialized order book for symbol: MSFT
2025-08-29 17:36:11.350 [main] INFO  c.j.t.matching.MatchingEngine - Initialized order book for symbol: AAPL
2025-08-29 17:36:11.350 [main] INFO  c.j.t.matching.MatchingEngine - Initialized order book for symbol: MSFT
2025-08-29 17:36:11.350 [main] INFO  c.j.t.matching.MatchingEngine - Initialized order book for symbol: AAPL
2025-08-29 17:36:11.350 [main] INFO  c.j.t.matching.MatchingEngine - Initialized order book for symbol: MSFT
2025-08-29 17:36:11.350 [main] INFO  c.j.t.matching.MatchingEngine - Initialized order book for symbol: AAPL
2025-08-29 17:36:11.350 [main] INFO  c.j.t.matching.MatchingEngine - Initialized order book for symbol: MSFT
2025-08-29 17:36:11.351 [main] INFO  c.j.t.matching.MatchingEngine - Initialized order book for symbol: AAPL
2025-08-29 17:36:11.351 [main] INFO  c.j.t.matching.MatchingEngine - Initialized order book for symbol: MSFT
2025-08-29 17:36:41.939 [main] INFO  c.j.t.matching.MatchingEngine - Initialized order book for symbol: AAPL
2025-08-29 17:36:41.940 [main] INFO  c.j.t.matching.MatchingEngine - Initialized order book for symbol: MSFT
2025-08-29 17:36:41.979 [main] INFO  c.j.t.matching.MatchingEngine - Initialized order book for symbol: AAPL
2025-08-29 17:36:41.979 [main] INFO  c.j.t.matching.MatchingEngine - Initialized order book for symbol: MSFT
2025-08-29 17:36:41.981 [main] INFO  c.j.t.matching.MatchingEngine - Initialized order book for symbol: AAPL
2025-08-29 17:36:41.981 [main] INFO  c.j.t.matching.MatchingEngine - Initialized order book for symbol: MSFT
2025-08-29 17:36:41.981 [main] INFO  c.j.t.matching.MatchingEngine - Initialized order book for symbol: AAPL
2025-08-29 17:36:41.981 [main] INFO  c.j.t.matching.MatchingEngine - Initialized order book for symbol: MSFT
2025-08-29 17:36:41.982 [main] INFO  c.j.t.matching.MatchingEngine - Initialized order book for symbol: AAPL
2025-08-29 17:36:41.982 [main] INFO  c.j.t.matching.MatchingEngine - Initialized order book for symbol: MSFT
2025-08-29 17:36:41.982 [main] INFO  c.j.t.matching.MatchingEngine - Initialized order book for symbol: AAPL
2025-08-29 17:36:41.982 [main] INFO  c.j.t.matching.MatchingEngine - Initialized order book for symbol: MSFT
2025-08-29 17:36:41.983 [main] INFO  c.j.t.matching.MatchingEngine - Initialized order book for symbol: AAPL
2025-08-29 17:36:41.983 [main] INFO  c.j.t.matching.MatchingEngine - Initialized order book for symbol: MSFT
2025-08-29 17:36:41.983 [main] INFO  c.j.t.matching.MatchingEngine - Initialized order book for symbol: AAPL
2025-08-29 17:36:41.983 [main] INFO  c.j.t.matching.MatchingEngine - Initialized order book for symbol: MSFT
2025-08-29 17:36:41.983 [main] INFO  c.j.t.matching.MatchingEngine - Initialized order book for symbol: AAPL
2025-08-29 17:36:41.983 [main] INFO  c.j.t.matching.MatchingEngine - Initialized order book for symbol: MSFT
2025-08-29 17:36:41.983 [main] INFO  c.j.t.matching.MatchingEngine - Initialized order book for symbol: AAPL
2025-08-29 17:36:41.983 [main] INFO  c.j.t.matching.MatchingEngine - Initialized order book for symbol: MSFT
2025-08-29 17:38:04.397 [main] INFO  c.j.t.matching.MatchingEngine - Initialized order book for symbol: AAPL
2025-08-29 17:38:04.398 [main] INFO  c.j.t.matching.MatchingEngine - Initialized order book for symbol: MSFT
2025-08-29 17:38:04.440 [main] INFO  c.j.t.matching.MatchingEngine - Initialized order book for symbol: AAPL
2025-08-29 17:38:04.440 [main] INFO  c.j.t.matching.MatchingEngine - Initialized order book for symbol: MSFT
2025-08-29 17:38:04.441 [main] INFO  c.j.t.matching.MatchingEngine - Initialized order book for symbol: AAPL
2025-08-29 17:38:04.441 [main] INFO  c.j.t.matching.MatchingEngine - Initialized order book for symbol: MSFT
2025-08-29 17:38:04.442 [main] INFO  c.j.t.matching.MatchingEngine - Initialized order book for symbol: AAPL
2025-08-29 17:38:04.442 [main] INFO  c.j.t.matching.MatchingEngine - Initialized order book for symbol: MSFT
2025-08-29 17:38:04.443 [main] INFO  c.j.t.matching.MatchingEngine - Initialized order book for symbol: AAPL
2025-08-29 17:38:04.443 [main] INFO  c.j.t.matching.MatchingEngine - Initialized order book for symbol: MSFT
2025-08-29 17:38:04.443 [main] INFO  c.j.t.matching.MatchingEngine - Initialized order book for symbol: AAPL
2025-08-29 17:38:04.443 [main] INFO  c.j.t.matching.MatchingEngine - Initialized order book for symbol: MSFT
2025-08-29 17:38:04.443 [main] INFO  c.j.t.matching.MatchingEngine - Initialized order book for symbol: AAPL
2025-08-29 17:38:04.443 [main] INFO  c.j.t.matching.MatchingEngine - Initialized order book for symbol: MSFT
2025-08-29 17:38:04.443 [main] INFO  c.j.t.matching.MatchingEngine - Initialized order book for symbol: AAPL
2025-08-29 17:38:04.443 [main] INFO  c.j.t.matching.MatchingEngine - Initialized order book for symbol: MSFT
2025-08-29 17:38:04.444 [main] INFO  c.j.t.matching.MatchingEngine - Initialized order book for symbol: AAPL
2025-08-29 17:38:04.444 [main] INFO  c.j.t.matching.MatchingEngine - Initialized order book for symbol: MSFT
2025-08-29 17:38:04.444 [main] INFO  c.j.t.matching.MatchingEngine - Initialized order book for symbol: AAPL
2025-08-29 17:38:04.444 [main] INFO  c.j.t.matching.MatchingEngine - Initialized order book for symbol: MSFT
2025-08-29 17:38:12.130 [main] INFO  c.j.t.config.ExchangeConfig - Loaded configuration from exchange.properties
2025-08-29 17:38:12.131 [main] INFO  c.j.t.matching.MatchingEngine - Initialized order book for symbol: AAPL
2025-08-29 17:38:12.131 [main] INFO  c.j.t.matching.MatchingEngine - Initialized order book for symbol: MSFT
2025-08-29 17:38:12.131 [main] INFO  c.j.t.matching.MatchingEngine - Initialized order book for symbol: GOOGL
2025-08-29 17:38:12.131 [main] INFO  c.j.t.matching.MatchingEngine - Initialized order book for symbol: TSLA
2025-08-29 17:38:12.131 [main] INFO  c.j.t.matching.MatchingEngine - Initialized order book for symbol: AMZN
2025-08-29 17:38:12.131 [main] INFO  c.j.t.matching.MatchingEngine - Initialized order book for symbol: NVDA
2025-08-29 17:38:12.174 [main] INFO  c.j.t.MockTradingExchange - Starting Mock Trading Exchange Gateway...
2025-08-29 17:38:12.174 [main] INFO  c.j.t.marketdata.MarketDataPublisher - Starting Market Data Publisher on port: 5002
2025-08-29 17:38:12.226 [main] INFO  c.j.t.marketdata.MarketDataPublisher - Market Data Publisher started successfully
2025-08-29 17:38:12.226 [main] INFO  c.j.tradingexchange.fix.FixAcceptor - Starting FIX Acceptor on port: 5001
2025-08-29 17:38:12.642 [main] ERROR c.j.t.MockTradingExchange - Failed to start Mock Trading Exchange
quickfix.ConfigError: No acceptor sessions found in settings.
	at quickfix.mina.acceptor.AbstractSocketAcceptor.createSessions(AbstractSocketAcceptor.java:259)
	at quickfix.mina.acceptor.AbstractSocketAcceptor.startAcceptingConnections(AbstractSocketAcceptor.java:98)
	at quickfix.SocketAcceptor.initialize(SocketAcceptor.java:110)
	at quickfix.SocketAcceptor.start(SocketAcceptor.java:103)
	at com.jwattsuk.tradingexchange.fix.FixAcceptor.start(FixAcceptor.java:65)
	at com.jwattsuk.tradingexchange.MockTradingExchange.start(MockTradingExchange.java:43)
	at com.jwattsuk.tradingexchange.MockTradingExchange.main(MockTradingExchange.java:85)
2025-08-29 17:38:12.644 [Thread-0] INFO  c.j.t.MockTradingExchange - Stopping Mock Trading Exchange Gateway...
2025-08-29 17:38:12.644 [Thread-0] INFO  c.j.tradingexchange.fix.FixAcceptor - Stopping FIX Acceptor...
2025-08-29 17:38:41.433 [main] INFO  c.j.t.matching.MatchingEngine - Initialized order book for symbol: AAPL
2025-08-29 17:38:41.434 [main] INFO  c.j.t.matching.MatchingEngine - Initialized order book for symbol: MSFT
2025-08-29 17:38:41.480 [main] INFO  c.j.t.matching.MatchingEngine - Initialized order book for symbol: AAPL
2025-08-29 17:38:41.480 [main] INFO  c.j.t.matching.MatchingEngine - Initialized order book for symbol: MSFT
2025-08-29 17:38:41.482 [main] INFO  c.j.t.matching.MatchingEngine - Initialized order book for symbol: AAPL
2025-08-29 17:38:41.482 [main] INFO  c.j.t.matching.MatchingEngine - Initialized order book for symbol: MSFT
2025-08-29 17:38:41.482 [main] INFO  c.j.t.matching.MatchingEngine - Initialized order book for symbol: AAPL
2025-08-29 17:38:41.482 [main] INFO  c.j.t.matching.MatchingEngine - Initialized order book for symbol: MSFT
2025-08-29 17:38:41.484 [main] INFO  c.j.t.matching.MatchingEngine - Initialized order book for symbol: AAPL
2025-08-29 17:38:41.484 [main] INFO  c.j.t.matching.MatchingEngine - Initialized order book for symbol: MSFT
2025-08-29 17:38:41.484 [main] INFO  c.j.t.matching.MatchingEngine - Initialized order book for symbol: AAPL
2025-08-29 17:38:41.484 [main] INFO  c.j.t.matching.MatchingEngine - Initialized order book for symbol: MSFT
2025-08-29 17:38:41.484 [main] INFO  c.j.t.matching.MatchingEngine - Initialized order book for symbol: AAPL
2025-08-29 17:38:41.484 [main] INFO  c.j.t.matching.MatchingEngine - Initialized order book for symbol: MSFT
2025-08-29 17:38:41.485 [main] INFO  c.j.t.matching.MatchingEngine - Initialized order book for symbol: AAPL
2025-08-29 17:38:41.485 [main] INFO  c.j.t.matching.MatchingEngine - Initialized order book for symbol: MSFT
2025-08-29 17:38:41.485 [main] INFO  c.j.t.matching.MatchingEngine - Initialized order book for symbol: AAPL
2025-08-29 17:38:41.485 [main] INFO  c.j.t.matching.MatchingEngine - Initialized order book for symbol: MSFT
2025-08-29 17:38:41.485 [main] INFO  c.j.t.matching.MatchingEngine - Initialized order book for symbol: AAPL
2025-08-29 17:38:41.485 [main] INFO  c.j.t.matching.MatchingEngine - Initialized order book for symbol: MSFT
2025-08-29 17:38:49.299 [main] INFO  c.j.t.config.ExchangeConfig - Loaded configuration from exchange.properties
2025-08-29 17:38:49.300 [main] INFO  c.j.t.matching.MatchingEngine - Initialized order book for symbol: AAPL
2025-08-29 17:38:49.301 [main] INFO  c.j.t.matching.MatchingEngine - Initialized order book for symbol: MSFT
2025-08-29 17:38:49.301 [main] INFO  c.j.t.matching.MatchingEngine - Initialized order book for symbol: GOOGL
2025-08-29 17:38:49.301 [main] INFO  c.j.t.matching.MatchingEngine - Initialized order book for symbol: TSLA
2025-08-29 17:38:49.301 [main] INFO  c.j.t.matching.MatchingEngine - Initialized order book for symbol: AMZN
2025-08-29 17:38:49.301 [main] INFO  c.j.t.matching.MatchingEngine - Initialized order book for symbol: NVDA
2025-08-29 17:38:49.338 [main] INFO  c.j.t.MockTradingExchange - Starting Mock Trading Exchange Gateway...
2025-08-29 17:38:49.338 [main] INFO  c.j.t.marketdata.MarketDataPublisher - Starting Market Data Publisher on port: 5002
2025-08-29 17:38:49.386 [main] INFO  c.j.t.marketdata.MarketDataPublisher - Market Data Publisher started successfully
2025-08-29 17:38:49.386 [main] INFO  c.j.tradingexchange.fix.FixAcceptor - Starting FIX Acceptor on port: 5001
2025-08-29 17:38:49.388 [main] INFO  c.j.tradingexchange.fix.FixAcceptor - Loaded QuickFIX configuration from file: quickfix.cfg
2025-08-29 17:38:49.806 [main] INFO  c.j.tradingexchange.fix.FixAcceptor - FIX session created: FIX.4.4:EXCHANGE->CLIENT
2025-08-29 17:38:49.807 [main] INFO  c.j.t.fix.FixSessionManager - Added FIX session: FIX.4.4:EXCHANGE->CLIENT
2025-08-29 17:38:49.818 [main] INFO  c.j.tradingexchange.fix.FixAcceptor - FIX Acceptor started successfully
2025-08-29 17:38:49.818 [main] INFO  c.j.t.MockTradingExchange - Mock Trading Exchange Gateway started successfully
2025-08-29 17:38:49.819 [main] INFO  c.j.t.MockTradingExchange - FIX Acceptor listening on port: 5001
2025-08-29 17:38:49.819 [main] INFO  c.j.t.MockTradingExchange - Market Data Publisher listening on port: 5002
2025-08-29 17:39:47.490 [Thread-0] INFO  c.j.t.MockTradingExchange - Stopping Mock Trading Exchange Gateway...
2025-08-29 17:39:47.492 [Thread-0] INFO  c.j.tradingexchange.fix.FixAcceptor - Stopping FIX Acceptor...
2025-08-29 17:39:47.501 [Thread-0] INFO  c.j.tradingexchange.fix.FixAcceptor - FIX Acceptor stopped
2025-08-29 17:39:47.502 [Thread-0] INFO  c.j.t.marketdata.MarketDataPublisher - Stopping Market Data Publisher...
2025-08-29 17:39:47.505 [Thread-0] INFO  c.j.t.marketdata.MarketDataPublisher - Market Data Publisher stopped
2025-08-29 17:39:47.505 [Thread-0] INFO  c.j.t.MockTradingExchange - Mock Trading Exchange Gateway stopped successfully
